app/build/intermediates/manifest_merge_blame_file/debug/manifest-merger-blame-debug-report.txt
1<?xml version="1.0" encoding="utf-8"?>
2<manifest xmlns:android="http://schemas.android.com/apk/res/android"
3    xmlns:dist="http://schemas.android.com/apk/distribution"
4    package="org.tensorflow.lite.examples.objectdetection"
5    android:versionCode="1"
6    android:versionName="1.0.0" >
7
8    <uses-sdk
9        android:minSdkVersion="21"
9-->src\main\AndroidManifest.xml
10        android:targetSdkVersion="33" />
10-->src\main\AndroidManifest.xml
11    <!-- Enable instant app support -->
12    <dist:module dist:instant="true" /> <!-- Declare features -->
12-->src\main\AndroidManifest.xml:7:5-40
12-->src\main\AndroidManifest.xml:7:18-37
13    <uses-feature android:name="android.hardware.camera" /> <!-- Declare permissions -->
13-->src\main\AndroidManifest.xml:8:5-60
13-->src\main\AndroidManifest.xml:8:19-57
14    <uses-permission android:name="android.permission.CAMERA" />
14-->src\main\AndroidManifest.xml:9:5-65
14-->src\main\AndroidManifest.xml:9:22-62
15
16    <uses-feature android:name="android.hardware.microphone" />
16-->src\main\AndroidManifest.xml:10:5-64
16-->src\main\AndroidManifest.xml:10:19-61
17
18    <uses-permission android:name="android.permission.RECORD_AUDIO" />
18-->src\main\AndroidManifest.xml:11:5-70
18-->src\main\AndroidManifest.xml:11:22-68
19    <uses-permission android:name="android.permission.INTERNET" />
19-->src\main\AndroidManifest.xml:12:5-67
19-->src\main\AndroidManifest.xml:12:22-64
20    <uses-permission android:name="android.permission.ACCESS_NETWORK_STATE" />
20-->[com.google.mlkit:translate:17.0.2] AndroidManifest.xml:7:5-79
20-->[com.google.mlkit:translate:17.0.2] AndroidManifest.xml:7:22-76
21
22    <permission
22-->[androidx.core:core:1.9.0] AndroidManifest.xml:22:5-24:47
23        android:name="org.tensorflow.lite.examples.objectdetection.DYNAMIC_RECEIVER_NOT_EXPORTED_PERMISSION"
23-->[androidx.core:core:1.9.0] AndroidManifest.xml:23:9-81
24        android:protectionLevel="signature" />
24-->[androidx.core:core:1.9.0] AndroidManifest.xml:24:9-44
25
26    <uses-permission android:name="org.tensorflow.lite.examples.objectdetection.DYNAMIC_RECEIVER_NOT_EXPORTED_PERMISSION" />
26-->[androidx.core:core:1.9.0] AndroidManifest.xml:26:5-97
26-->[androidx.core:core:1.9.0] AndroidManifest.xml:26:22-94
27    <uses-permission android:name="android.permission.WRITE_EXTERNAL_STORAGE" />
28    <uses-permission android:name="android.permission.READ_PHONE_STATE" />
29    <uses-permission android:name="android.permission.READ_EXTERNAL_STORAGE" />
30
31    <application
31-->src\main\AndroidManifest.xml:14:5-57:19
32        android:allowBackup="true"
32-->src\main\AndroidManifest.xml:15:9-35
33        android:appComponentFactory="androidx.core.app.CoreComponentFactory"
33-->[androidx.core:core:1.9.0] AndroidManifest.xml:28:18-86
34        android:debuggable="true"
35        android:icon="@mipmap/ic_launcher"
35-->src\main\AndroidManifest.xml:16:9-43
36        android:label="@string/app_name"
36-->src\main\AndroidManifest.xml:17:9-41
37        android:roundIcon="@mipmap/ic_launcher_round"
37-->src\main\AndroidManifest.xml:18:9-54
38        android:taskAffinity="" >
38-->src\main\AndroidManifest.xml:19:9-32
39        <activity
39-->src\main\AndroidManifest.xml:21:9-32:20
40            android:name="org.tensorflow.lite.examples.objectdetection.stt"
40-->src\main\AndroidManifest.xml:22:13-32
41            android:clearTaskOnLaunch="true"
41-->src\main\AndroidManifest.xml:23:13-45
42            android:configChanges="orientation|screenLayout|screenSize|smallestScreenSize"
42-->src\main\AndroidManifest.xml:24:13-91
43            android:exported="true"
43-->src\main\AndroidManifest.xml:25:13-36
44            android:icon="@mipmap/ic_launcher"
44-->src\main\AndroidManifest.xml:26:13-47
45            android:resizeableActivity="true"
45-->src\main\AndroidManifest.xml:27:13-46
46            android:rotationAnimation="seamless"
46-->src\main\AndroidManifest.xml:28:13-49
47            android:screenOrientation="portrait"
47-->src\main\AndroidManifest.xml:29:13-49
48            android:theme="@style/AppTheme" >
48-->src\main\AndroidManifest.xml:30:13-44
49        </activity>
50        <activity
50-->src\main\AndroidManifest.xml:33:9-56:20
51            android:name="org.tensorflow.lite.examples.objectdetection.MainActivity"
51-->src\main\AndroidManifest.xml:34:13-41
52            android:clearTaskOnLaunch="true"
52-->src\main\AndroidManifest.xml:35:13-45
53            android:configChanges="orientation|screenLayout|screenSize|smallestScreenSize"
53-->src\main\AndroidManifest.xml:36:13-91
54            android:exported="true"
54-->src\main\AndroidManifest.xml:37:13-36
55            android:icon="@mipmap/ic_launcher"
55-->src\main\AndroidManifest.xml:38:13-47
56            android:resizeableActivity="true"
56-->src\main\AndroidManifest.xml:39:13-46
57            android:rotationAnimation="seamless"
57-->src\main\AndroidManifest.xml:40:13-49
58            android:screenOrientation="portrait"
58-->src\main\AndroidManifest.xml:41:13-49
59            android:theme="@style/AppTheme" >
59-->src\main\AndroidManifest.xml:42:13-44
60
61            <!-- Main app intent filter -->
62            <intent-filter>
62-->src\main\AndroidManifest.xml:46:13-50:29
63                <action android:name="android.intent.action.MAIN" />
63-->src\main\AndroidManifest.xml:47:17-69
63-->src\main\AndroidManifest.xml:47:25-66
64
65                <category android:name="android.intent.category.LAUNCHER" />
65-->src\main\AndroidManifest.xml:49:17-77
65-->src\main\AndroidManifest.xml:49:27-74
66            </intent-filter>
67
68            <!-- Declare notch support -->
69            <meta-data
69-->src\main\AndroidManifest.xml:53:13-55:40
70                android:name="android.notch_support"
70-->src\main\AndroidManifest.xml:54:17-53
71                android:value="true" />
71-->src\main\AndroidManifest.xml:55:17-37
72        </activity>
73
74        <service
74-->[com.google.mlkit:translate:17.0.2] AndroidManifest.xml:11:9-17:19
75            android:name="com.google.mlkit.common.internal.MlKitComponentDiscoveryService"
75-->[com.google.mlkit:translate:17.0.2] AndroidManifest.xml:12:13-91
76            android:directBootAware="true"
76-->[com.google.mlkit:common:18.10.0] AndroidManifest.xml:17:13-43
77            android:exported="false" >
77-->[com.google.mlkit:translate:17.0.2] AndroidManifest.xml:13:13-37
78            <meta-data
78-->[com.google.mlkit:translate:17.0.2] AndroidManifest.xml:14:13-16:85
79                android:name="com.google.firebase.components:com.google.mlkit.nl.translate.NaturalLanguageTranslateRegistrar"
79-->[com.google.mlkit:translate:17.0.2] AndroidManifest.xml:15:17-126
80                android:value="com.google.firebase.components.ComponentRegistrar" />
80-->[com.google.mlkit:translate:17.0.2] AndroidManifest.xml:16:17-82
81            <meta-data
81-->[com.google.mlkit:common:18.10.0] AndroidManifest.xml:20:13-22:85
82                android:name="com.google.firebase.components:com.google.mlkit.common.internal.CommonComponentRegistrar"
82-->[com.google.mlkit:common:18.10.0] AndroidManifest.xml:21:17-120
83                android:value="com.google.firebase.components.ComponentRegistrar" />
83-->[com.google.mlkit:common:18.10.0] AndroidManifest.xml:22:17-82
84        </service>
85
86        <provider
86-->[com.google.mlkit:common:18.10.0] AndroidManifest.xml:9:9-13:38
87            android:name="com.google.mlkit.common.internal.MlKitInitProvider"
87-->[com.google.mlkit:common:18.10.0] AndroidManifest.xml:10:13-78
88            android:authorities="org.tensorflow.lite.examples.objectdetection.mlkitinitprovider"
88-->[com.google.mlkit:common:18.10.0] AndroidManifest.xml:11:13-69
89            android:exported="false"
89-->[com.google.mlkit:common:18.10.0] AndroidManifest.xml:12:13-37
90            android:initOrder="99" />
90-->[com.google.mlkit:common:18.10.0] AndroidManifest.xml:13:13-35
91
92        <service
92-->[androidx.camera:camera-camera2:1.1.0-beta03] AndroidManifest.xml:26:9-35:19
93            android:name="androidx.camera.core.impl.MetadataHolderService"
93-->[androidx.camera:camera-camera2:1.1.0-beta03] AndroidManifest.xml:27:13-75
94            android:enabled="false"
94-->[androidx.camera:camera-camera2:1.1.0-beta03] AndroidManifest.xml:28:13-36
95            android:exported="false" >
95-->[androidx.camera:camera-camera2:1.1.0-beta03] AndroidManifest.xml:29:13-37
96            <meta-data
96-->[androidx.camera:camera-camera2:1.1.0-beta03] AndroidManifest.xml:32:13-34:89
97                android:name="androidx.camera.core.impl.MetadataHolderService.DEFAULT_CONFIG_PROVIDER"
97-->[androidx.camera:camera-camera2:1.1.0-beta03] AndroidManifest.xml:33:17-103
98                android:value="androidx.camera.camera2.Camera2Config$DefaultProvider" />
98-->[androidx.camera:camera-camera2:1.1.0-beta03] AndroidManifest.xml:34:17-86
99        </service>
100
101        <uses-library
101-->[androidx.window:window:1.0.0-alpha09] AndroidManifest.xml:25:9-27:40
102            android:name="androidx.window.extensions"
102-->[androidx.window:window:1.0.0-alpha09] AndroidManifest.xml:26:13-54
103            android:required="false" />
103-->[androidx.window:window:1.0.0-alpha09] AndroidManifest.xml:27:13-37
104        <uses-library
104-->[androidx.window:window:1.0.0-alpha09] AndroidManifest.xml:28:9-30:40
105            android:name="androidx.window.sidecar"
105-->[androidx.window:window:1.0.0-alpha09] AndroidManifest.xml:29:13-51
106            android:required="false" />
106-->[androidx.window:window:1.0.0-alpha09] AndroidManifest.xml:30:13-37
107
108        <activity
108-->[com.google.android.gms:play-services-base:18.1.0] AndroidManifest.xml:20:9-22:45
109            android:name="com.google.android.gms.common.api.GoogleApiActivity"
109-->[com.google.android.gms:play-services-base:18.1.0] AndroidManifest.xml:20:19-85
110            android:exported="false"
110-->[com.google.android.gms:play-services-base:18.1.0] AndroidManifest.xml:22:19-43
111            android:theme="@android:style/Theme.Translucent.NoTitleBar" />
111-->[com.google.android.gms:play-services-base:18.1.0] AndroidManifest.xml:21:19-78
112
113        <meta-data
113-->[com.google.android.gms:play-services-basement:18.1.0] AndroidManifest.xml:21:9-23:69
114            android:name="com.google.android.gms.version"
114-->[com.google.android.gms:play-services-basement:18.1.0] AndroidManifest.xml:22:13-58
115            android:value="@integer/google_play_services_version" />
115-->[com.google.android.gms:play-services-basement:18.1.0] AndroidManifest.xml:23:13-66
116
117        <provider
117-->[androidx.emoji2:emoji2:1.2.0] AndroidManifest.xml:24:9-32:20
118            android:name="androidx.startup.InitializationProvider"
118-->[androidx.emoji2:emoji2:1.2.0] AndroidManifest.xml:25:13-67
119            android:authorities="org.tensorflow.lite.examples.objectdetection.androidx-startup"
119-->[androidx.emoji2:emoji2:1.2.0] AndroidManifest.xml:26:13-68
120            android:exported="false" >
120-->[androidx.emoji2:emoji2:1.2.0] AndroidManifest.xml:27:13-37
121            <meta-data
121-->[androidx.emoji2:emoji2:1.2.0] AndroidManifest.xml:29:13-31:52
122                android:name="androidx.emoji2.text.EmojiCompatInitializer"
122-->[androidx.emoji2:emoji2:1.2.0] AndroidManifest.xml:30:17-75
123                android:value="androidx.startup" />
123-->[androidx.emoji2:emoji2:1.2.0] AndroidManifest.xml:31:17-49
124            <meta-data
124-->[androidx.lifecycle:lifecycle-process:2.4.1] AndroidManifest.xml:31:13-33:52
125                android:name="androidx.lifecycle.ProcessLifecycleInitializer"
125-->[androidx.lifecycle:lifecycle-process:2.4.1] AndroidManifest.xml:32:17-78
126                android:value="androidx.startup" />
126-->[androidx.lifecycle:lifecycle-process:2.4.1] AndroidManifest.xml:33:17-49
127        </provider>
128
129        <service
129-->[com.google.android.datatransport:transport-backend-cct:2.3.3] AndroidManifest.xml:29:9-35:19
130            android:name="com.google.android.datatransport.runtime.backends.TransportBackendDiscovery"
130-->[com.google.android.datatransport:transport-backend-cct:2.3.3] AndroidManifest.xml:30:13-103
131            android:exported="false" >
131-->[com.google.android.datatransport:transport-backend-cct:2.3.3] AndroidManifest.xml:31:13-37
132            <meta-data
132-->[com.google.android.datatransport:transport-backend-cct:2.3.3] AndroidManifest.xml:32:13-34:39
133                android:name="backend:com.google.android.datatransport.cct.CctBackendFactory"
133-->[com.google.android.datatransport:transport-backend-cct:2.3.3] AndroidManifest.xml:33:17-94
134                android:value="cct" />
134-->[com.google.android.datatransport:transport-backend-cct:2.3.3] AndroidManifest.xml:34:17-36
135        </service>
136        <service
136-->[com.google.android.datatransport:transport-runtime:2.2.6] AndroidManifest.xml:26:9-30:19
137            android:name="com.google.android.datatransport.runtime.scheduling.jobscheduling.JobInfoSchedulerService"
137-->[com.google.android.datatransport:transport-runtime:2.2.6] AndroidManifest.xml:27:13-117
138            android:exported="false"
138-->[com.google.android.datatransport:transport-runtime:2.2.6] AndroidManifest.xml:28:13-37
139            android:permission="android.permission.BIND_JOB_SERVICE" >
139-->[com.google.android.datatransport:transport-runtime:2.2.6] AndroidManifest.xml:29:13-69
140        </service>
141
142        <receiver
142-->[com.google.android.datatransport:transport-runtime:2.2.6] AndroidManifest.xml:32:9-34:40
143            android:name="com.google.android.datatransport.runtime.scheduling.jobscheduling.AlarmManagerSchedulerBroadcastReceiver"
143-->[com.google.android.datatransport:transport-runtime:2.2.6] AndroidManifest.xml:33:13-132
144            android:exported="false" />
144-->[com.google.android.datatransport:transport-runtime:2.2.6] AndroidManifest.xml:34:13-37
145    </application>
146
147</manifest>